<?xml version="1.0" encoding="UTF-8"?>
<testsuite xmlns:xsi="http://www.w3.org/2001/XMLSchema-instance" xsi:noNamespaceSchemaLocation="https://maven.apache.org/surefire/maven-surefire-plugin/xsd/surefire-test-report.xsd" name="com.c1se44.school_connect.SchoolConnectApplicationTests" time="23.949" tests="1" errors="0" skipped="0" failures="0">
  <properties>
    <property name="sun.desktop" value="windows"/>
    <property name="awt.toolkit" value="sun.awt.windows.WToolkit"/>
    <property name="file.encoding.pkg" value="sun.io"/>
    <property name="java.specification.version" value="1.8"/>
    <property name="sun.cpu.isalist" value="amd64"/>
    <property name="sun.jnu.encoding" value="Cp1252"/>
    <property name="java.class.path" value="D:\Mega\Capstone1\modules\Back_end\School_connect\target\test-classes;D:\Mega\Capstone1\modules\Back_end\School_connect\target\classes;D:\IntelliJIDEA\.m2\repository\org\springframework\boot\spring-boot-starter-web\2.4.0\spring-boot-starter-web-2.4.0.jar;D:\IntelliJIDEA\.m2\repository\org\springframework\boot\spring-boot-starter\2.4.0\spring-boot-starter-2.4.0.jar;D:\IntelliJIDEA\.m2\repository\org\springframework\boot\spring-boot-starter-logging\2.4.0\spring-boot-starter-logging-2.4.0.jar;D:\IntelliJIDEA\.m2\repository\ch\qos\logback\logback-classic\1.2.3\logback-classic-1.2.3.jar;D:\IntelliJIDEA\.m2\repository\ch\qos\logback\logback-core\1.2.3\logback-core-1.2.3.jar;D:\IntelliJIDEA\.m2\repository\org\apache\logging\log4j\log4j-to-slf4j\2.13.3\log4j-to-slf4j-2.13.3.jar;D:\IntelliJIDEA\.m2\repository\org\slf4j\jul-to-slf4j\1.7.30\jul-to-slf4j-1.7.30.jar;D:\IntelliJIDEA\.m2\repository\jakarta\annotation\jakarta.annotation-api\1.3.5\jakarta.annotation-api-1.3.5.jar;D:\IntelliJIDEA\.m2\repository\org\yaml\snakeyaml\1.27\snakeyaml-1.27.jar;D:\IntelliJIDEA\.m2\repository\org\springframework\boot\spring-boot-starter-json\2.4.0\spring-boot-starter-json-2.4.0.jar;D:\IntelliJIDEA\.m2\repository\com\fasterxml\jackson\datatype\jackson-datatype-jdk8\2.11.3\jackson-datatype-jdk8-2.11.3.jar;D:\IntelliJIDEA\.m2\repository\com\fasterxml\jackson\module\jackson-module-parameter-names\2.11.3\jackson-module-parameter-names-2.11.3.jar;D:\IntelliJIDEA\.m2\repository\org\springframework\boot\spring-boot-starter-tomcat\2.4.0\spring-boot-starter-tomcat-2.4.0.jar;D:\IntelliJIDEA\.m2\repository\org\apache\tomcat\embed\tomcat-embed-core\9.0.39\tomcat-embed-core-9.0.39.jar;D:\IntelliJIDEA\.m2\repository\org\apache\tomcat\embed\tomcat-embed-websocket\9.0.39\tomcat-embed-websocket-9.0.39.jar;D:\IntelliJIDEA\.m2\repository\org\springframework\spring-web\5.3.1\spring-web-5.3.1.jar;D:\IntelliJIDEA\.m2\repository\org\springframework\spring-webmvc\5.3.1\spring-webmvc-5.3.1.jar;D:\IntelliJIDEA\.m2\repository\org\projectlombok\lombok\1.18.16\lombok-1.18.16.jar;D:\IntelliJIDEA\.m2\repository\org\springframework\boot\spring-boot-starter-test\2.4.0\spring-boot-starter-test-2.4.0.jar;D:\IntelliJIDEA\.m2\repository\org\springframework\boot\spring-boot-test\2.4.0\spring-boot-test-2.4.0.jar;D:\IntelliJIDEA\.m2\repository\org\springframework\boot\spring-boot-test-autoconfigure\2.4.0\spring-boot-test-autoconfigure-2.4.0.jar;D:\IntelliJIDEA\.m2\repository\com\jayway\jsonpath\json-path\2.4.0\json-path-2.4.0.jar;D:\IntelliJIDEA\.m2\repository\net\minidev\json-smart\2.3\json-smart-2.3.jar;D:\IntelliJIDEA\.m2\repository\net\minidev\accessors-smart\1.2\accessors-smart-1.2.jar;D:\IntelliJIDEA\.m2\repository\org\ow2\asm\asm\5.0.4\asm-5.0.4.jar;D:\IntelliJIDEA\.m2\repository\jakarta\xml\bind\jakarta.xml.bind-api\2.3.3\jakarta.xml.bind-api-2.3.3.jar;D:\IntelliJIDEA\.m2\repository\jakarta\activation\jakarta.activation-api\1.2.2\jakarta.activation-api-1.2.2.jar;D:\IntelliJIDEA\.m2\repository\org\assertj\assertj-core\3.18.1\assertj-core-3.18.1.jar;D:\IntelliJIDEA\.m2\repository\org\hamcrest\hamcrest\2.2\hamcrest-2.2.jar;D:\IntelliJIDEA\.m2\repository\org\junit\jupiter\junit-jupiter\5.7.0\junit-jupiter-5.7.0.jar;D:\IntelliJIDEA\.m2\repository\org\junit\jupiter\junit-jupiter-api\5.7.0\junit-jupiter-api-5.7.0.jar;D:\IntelliJIDEA\.m2\repository\org\apiguardian\apiguardian-api\1.1.0\apiguardian-api-1.1.0.jar;D:\IntelliJIDEA\.m2\repository\org\opentest4j\opentest4j\1.2.0\opentest4j-1.2.0.jar;D:\IntelliJIDEA\.m2\repository\org\junit\platform\junit-platform-commons\1.7.0\junit-platform-commons-1.7.0.jar;D:\IntelliJIDEA\.m2\repository\org\junit\jupiter\junit-jupiter-params\5.7.0\junit-jupiter-params-5.7.0.jar;D:\IntelliJIDEA\.m2\repository\org\junit\jupiter\junit-jupiter-engine\5.7.0\junit-jupiter-engine-5.7.0.jar;D:\IntelliJIDEA\.m2\repository\org\junit\platform\junit-platform-engine\1.7.0\junit-platform-engine-1.7.0.jar;D:\IntelliJIDEA\.m2\repository\org\mockito\mockito-core\3.6.0\mockito-core-3.6.0.jar;D:\IntelliJIDEA\.m2\repository\net\bytebuddy\byte-buddy-agent\1.10.18\byte-buddy-agent-1.10.18.jar;D:\IntelliJIDEA\.m2\repository\org\objenesis\objenesis\3.1\objenesis-3.1.jar;D:\IntelliJIDEA\.m2\repository\org\mockito\mockito-junit-jupiter\3.6.0\mockito-junit-jupiter-3.6.0.jar;D:\IntelliJIDEA\.m2\repository\org\skyscreamer\jsonassert\1.5.0\jsonassert-1.5.0.jar;D:\IntelliJIDEA\.m2\repository\com\vaadin\external\google\android-json\0.0.20131108.vaadin1\android-json-0.0.20131108.vaadin1.jar;D:\IntelliJIDEA\.m2\repository\org\springframework\spring-core\5.3.1\spring-core-5.3.1.jar;D:\IntelliJIDEA\.m2\repository\org\springframework\spring-jcl\5.3.1\spring-jcl-5.3.1.jar;D:\IntelliJIDEA\.m2\repository\org\springframework\spring-test\5.3.1\spring-test-5.3.1.jar;D:\IntelliJIDEA\.m2\repository\org\xmlunit\xmlunit-core\2.7.0\xmlunit-core-2.7.0.jar;D:\IntelliJIDEA\.m2\repository\mysql\mysql-connector-java\8.0.20\mysql-connector-java-8.0.20.jar;D:\IntelliJIDEA\.m2\repository\org\springframework\boot\spring-boot-starter-data-jpa\2.4.0\spring-boot-starter-data-jpa-2.4.0.jar;D:\IntelliJIDEA\.m2\repository\org\springframework\boot\spring-boot-starter-aop\2.4.0\spring-boot-starter-aop-2.4.0.jar;D:\IntelliJIDEA\.m2\repository\org\aspectj\aspectjweaver\1.9.6\aspectjweaver-1.9.6.jar;D:\IntelliJIDEA\.m2\repository\org\springframework\boot\spring-boot-starter-jdbc\2.4.0\spring-boot-starter-jdbc-2.4.0.jar;D:\IntelliJIDEA\.m2\repository\com\zaxxer\HikariCP\3.4.5\HikariCP-3.4.5.jar;D:\IntelliJIDEA\.m2\repository\org\springframework\spring-jdbc\5.3.1\spring-jdbc-5.3.1.jar;D:\IntelliJIDEA\.m2\repository\jakarta\transaction\jakarta.transaction-api\1.3.3\jakarta.transaction-api-1.3.3.jar;D:\IntelliJIDEA\.m2\repository\jakarta\persistence\jakarta.persistence-api\2.2.3\jakarta.persistence-api-2.2.3.jar;D:\IntelliJIDEA\.m2\repository\org\springframework\data\spring-data-jpa\2.4.1\spring-data-jpa-2.4.1.jar;D:\IntelliJIDEA\.m2\repository\org\springframework\data\spring-data-commons\2.4.1\spring-data-commons-2.4.1.jar;D:\IntelliJIDEA\.m2\repository\org\springframework\spring-orm\5.3.1\spring-orm-5.3.1.jar;D:\IntelliJIDEA\.m2\repository\org\springframework\spring-tx\5.3.1\spring-tx-5.3.1.jar;D:\IntelliJIDEA\.m2\repository\org\springframework\spring-aspects\5.3.1\spring-aspects-5.3.1.jar;D:\IntelliJIDEA\.m2\repository\org\modelmapper\modelmapper\2.3.0\modelmapper-2.3.0.jar;D:\IntelliJIDEA\.m2\repository\org\springframework\boot\spring-boot-starter-security\2.4.0\spring-boot-starter-security-2.4.0.jar;D:\IntelliJIDEA\.m2\repository\org\springframework\spring-aop\5.3.1\spring-aop-5.3.1.jar;D:\IntelliJIDEA\.m2\repository\org\springframework\security\spring-security-config\5.4.1\spring-security-config-5.4.1.jar;D:\IntelliJIDEA\.m2\repository\org\springframework\security\spring-security-web\5.4.1\spring-security-web-5.4.1.jar;D:\IntelliJIDEA\.m2\repository\org\springframework\security\spring-security-jwt\1.0.10.RELEASE\spring-security-jwt-1.0.10.RELEASE.jar;D:\IntelliJIDEA\.m2\repository\org\bouncycastle\bcpkix-jdk15on\1.60\bcpkix-jdk15on-1.60.jar;D:\IntelliJIDEA\.m2\repository\javax\validation\validation-api\2.0.1.Final\validation-api-2.0.1.Final.jar;D:\IntelliJIDEA\.m2\repository\io\jsonwebtoken\jjwt\0.9.1\jjwt-0.9.1.jar;D:\IntelliJIDEA\.m2\repository\com\fasterxml\jackson\core\jackson-databind\2.11.3\jackson-databind-2.11.3.jar;D:\IntelliJIDEA\.m2\repository\org\springframework\boot\spring-boot-starter-validation\2.4.0\spring-boot-starter-validation-2.4.0.jar;D:\IntelliJIDEA\.m2\repository\org\glassfish\jakarta.el\3.0.3\jakarta.el-3.0.3.jar;D:\IntelliJIDEA\.m2\repository\org\hibernate\validator\hibernate-validator\6.1.6.Final\hibernate-validator-6.1.6.Final.jar;D:\IntelliJIDEA\.m2\repository\jakarta\validation\jakarta.validation-api\2.0.2\jakarta.validation-api-2.0.2.jar;D:\IntelliJIDEA\.m2\repository\org\springframework\security\spring-security-taglibs\5.4.1\spring-security-taglibs-5.4.1.jar;D:\IntelliJIDEA\.m2\repository\org\springframework\security\spring-security-acl\5.4.1\spring-security-acl-5.4.1.jar;D:\IntelliJIDEA\.m2\repository\org\springframework\security\spring-security-core\5.4.1\spring-security-core-5.4.1.jar;D:\IntelliJIDEA\.m2\repository\org\springframework\spring-beans\5.3.1\spring-beans-5.3.1.jar;D:\IntelliJIDEA\.m2\repository\org\springframework\spring-context\5.3.1\spring-context-5.3.1.jar;D:\IntelliJIDEA\.m2\repository\org\springframework\spring-expression\5.3.1\spring-expression-5.3.1.jar;D:\IntelliJIDEA\.m2\repository\org\springframework\boot\spring-boot-devtools\2.4.0\spring-boot-devtools-2.4.0.jar;D:\IntelliJIDEA\.m2\repository\org\springframework\boot\spring-boot\2.4.0\spring-boot-2.4.0.jar;D:\IntelliJIDEA\.m2\repository\org\springframework\boot\spring-boot-autoconfigure\2.4.0\spring-boot-autoconfigure-2.4.0.jar;D:\IntelliJIDEA\.m2\repository\com\google\guava\guava\20.0\guava-20.0.jar;D:\IntelliJIDEA\.m2\repository\io\springfox\springfox-swagger2\2.9.2\springfox-swagger2-2.9.2.jar;D:\IntelliJIDEA\.m2\repository\io\swagger\swagger-annotations\1.5.20\swagger-annotations-1.5.20.jar;D:\IntelliJIDEA\.m2\repository\io\swagger\swagger-models\1.5.20\swagger-models-1.5.20.jar;D:\IntelliJIDEA\.m2\repository\io\springfox\springfox-spi\2.9.2\springfox-spi-2.9.2.jar;D:\IntelliJIDEA\.m2\repository\io\springfox\springfox-core\2.9.2\springfox-core-2.9.2.jar;D:\IntelliJIDEA\.m2\repository\io\springfox\springfox-schema\2.9.2\springfox-schema-2.9.2.jar;D:\IntelliJIDEA\.m2\repository\io\springfox\springfox-swagger-common\2.9.2\springfox-swagger-common-2.9.2.jar;D:\IntelliJIDEA\.m2\repository\io\springfox\springfox-spring-web\2.9.2\springfox-spring-web-2.9.2.jar;D:\IntelliJIDEA\.m2\repository\com\fasterxml\classmate\1.5.1\classmate-1.5.1.jar;D:\IntelliJIDEA\.m2\repository\org\slf4j\slf4j-api\1.7.30\slf4j-api-1.7.30.jar;D:\IntelliJIDEA\.m2\repository\org\springframework\plugin\spring-plugin-core\1.2.0.RELEASE\spring-plugin-core-1.2.0.RELEASE.jar;D:\IntelliJIDEA\.m2\repository\org\springframework\plugin\spring-plugin-metadata\1.2.0.RELEASE\spring-plugin-metadata-1.2.0.RELEASE.jar;D:\IntelliJIDEA\.m2\repository\org\mapstruct\mapstruct\1.2.0.Final\mapstruct-1.2.0.Final.jar;D:\IntelliJIDEA\.m2\repository\io\springfox\springfox-swagger-ui\2.9.2\springfox-swagger-ui-2.9.2.jar;D:\IntelliJIDEA\.m2\repository\com\sendgrid\sendgrid-java\4.7.1\sendgrid-java-4.7.1.jar;D:\IntelliJIDEA\.m2\repository\com\sendgrid\java-http-client\4.3.6\java-http-client-4.3.6.jar;D:\IntelliJIDEA\.m2\repository\com\fasterxml\jackson\core\jackson-core\2.11.3\jackson-core-2.11.3.jar;D:\IntelliJIDEA\.m2\repository\com\fasterxml\jackson\core\jackson-annotations\2.11.3\jackson-annotations-2.11.3.jar;D:\IntelliJIDEA\.m2\repository\org\bouncycastle\bcprov-jdk15on\1.67\bcprov-jdk15on-1.67.jar;D:\IntelliJIDEA\.m2\repository\com\twilio\sdk\twilio\8.5.0\twilio-8.5.0.jar;D:\IntelliJIDEA\.m2\repository\commons-codec\commons-codec\1.15\commons-codec-1.15.jar;D:\IntelliJIDEA\.m2\repository\commons-io\commons-io\2.7\commons-io-2.7.jar;D:\IntelliJIDEA\.m2\repository\io\jsonwebtoken\jjwt-api\0.11.2\jjwt-api-0.11.2.jar;D:\IntelliJIDEA\.m2\repository\io\jsonwebtoken\jjwt-jackson\0.11.2\jjwt-jackson-0.11.2.jar;D:\IntelliJIDEA\.m2\repository\io\jsonwebtoken\jjwt-impl\0.11.2\jjwt-impl-0.11.2.jar;D:\IntelliJIDEA\.m2\repository\org\apache\httpcomponents\httpclient\4.5.13\httpclient-4.5.13.jar;D:\IntelliJIDEA\.m2\repository\org\apache\httpcomponents\httpcore\4.4.13\httpcore-4.4.13.jar;D:\IntelliJIDEA\.m2\repository\com\fasterxml\jackson\datatype\jackson-datatype-jsr310\2.11.3\jackson-datatype-jsr310-2.11.3.jar;D:\IntelliJIDEA\.m2\repository\javax\xml\bind\jaxb-api\2.3.1\jaxb-api-2.3.1.jar;D:\IntelliJIDEA\.m2\repository\org\apache\logging\log4j\log4j-api\2.13.3\log4j-api-2.13.3.jar;D:\IntelliJIDEA\.m2\repository\org\apache\logging\log4j\log4j-core\2.13.3\log4j-core-2.13.3.jar;D:\IntelliJIDEA\.m2\repository\org\apache\poi\poi-ooxml\4.1.2\poi-ooxml-4.1.2.jar;D:\IntelliJIDEA\.m2\repository\org\apache\poi\poi\4.1.2\poi-4.1.2.jar;D:\IntelliJIDEA\.m2\repository\org\apache\commons\commons-collections4\4.4\commons-collections4-4.4.jar;D:\IntelliJIDEA\.m2\repository\org\apache\commons\commons-math3\3.6.1\commons-math3-3.6.1.jar;D:\IntelliJIDEA\.m2\repository\com\zaxxer\SparseBitSet\1.2\SparseBitSet-1.2.jar;D:\IntelliJIDEA\.m2\repository\org\apache\poi\poi-ooxml-schemas\4.1.2\poi-ooxml-schemas-4.1.2.jar;D:\IntelliJIDEA\.m2\repository\org\apache\xmlbeans\xmlbeans\3.1.0\xmlbeans-3.1.0.jar;D:\IntelliJIDEA\.m2\repository\org\apache\commons\commons-compress\1.19\commons-compress-1.19.jar;D:\IntelliJIDEA\.m2\repository\com\github\virtuald\curvesapi\1.06\curvesapi-1.06.jar;D:\IntelliJIDEA\.m2\repository\org\springframework\boot\spring-boot-starter-websocket\2.4.0\spring-boot-starter-websocket-2.4.0.jar;D:\IntelliJIDEA\.m2\repository\org\springframework\spring-messaging\5.3.1\spring-messaging-5.3.1.jar;D:\IntelliJIDEA\.m2\repository\org\springframework\spring-websocket\5.3.1\spring-websocket-5.3.1.jar;D:\IntelliJIDEA\.m2\repository\org\hibernate\hibernate-core\5.6.1.Final\hibernate-core-5.6.1.Final.jar;D:\IntelliJIDEA\.m2\repository\org\jboss\logging\jboss-logging\3.4.1.Final\jboss-logging-3.4.1.Final.jar;D:\IntelliJIDEA\.m2\repository\javax\persistence\javax.persistence-api\2.2\javax.persistence-api-2.2.jar;D:\IntelliJIDEA\.m2\repository\net\bytebuddy\byte-buddy\1.10.18\byte-buddy-1.10.18.jar;D:\IntelliJIDEA\.m2\repository\antlr\antlr\2.7.7\antlr-2.7.7.jar;D:\IntelliJIDEA\.m2\repository\org\jboss\spec\javax\transaction\jboss-transaction-api_1.2_spec\1.1.1.Final\jboss-transaction-api_1.2_spec-1.1.1.Final.jar;D:\IntelliJIDEA\.m2\repository\org\jboss\jandex\2.2.3.Final\jandex-2.2.3.Final.jar;D:\IntelliJIDEA\.m2\repository\javax\activation\javax.activation-api\1.2.0\javax.activation-api-1.2.0.jar;D:\IntelliJIDEA\.m2\repository\org\hibernate\common\hibernate-commons-annotations\5.1.2.Final\hibernate-commons-annotations-5.1.2.Final.jar;D:\IntelliJIDEA\.m2\repository\org\glassfish\jaxb\jaxb-runtime\2.3.3\jaxb-runtime-2.3.3.jar;D:\IntelliJIDEA\.m2\repository\org\glassfish\jaxb\txw2\2.3.3\txw2-2.3.3.jar;D:\IntelliJIDEA\.m2\repository\com\sun\istack\istack-commons-runtime\3.0.11\istack-commons-runtime-3.0.11.jar;D:\IntelliJIDEA\.m2\repository\com\sun\activation\jakarta.activation\1.2.2\jakarta.activation-1.2.2.jar;"/>
    <property name="java.vm.vendor" value="Oracle Corporation"/>
    <property name="sun.arch.data.model" value="64"/>
    <property name="user.variant" value=""/>
    <property name="java.vendor.url" value="http://java.oracle.com/"/>
    <property name="user.timezone" value="Asia/Bangkok"/>
    <property name="java.vm.specification.version" value="1.8"/>
    <property name="os.name" value="Windows 10"/>
    <property name="user.country" value="US"/>
    <property name="sun.java.launcher" value="SUN_STANDARD"/>
    <property name="sun.boot.library.path" value="C:\Program Files\Java\jdk1.8.0_301\jre\bin"/>
    <property name="sun.java.command" value="C:\Users\phucf\AppData\Local\Temp\surefire6821317538924296750\surefirebooter3240219767910939775.jar C:\Users\phucf\AppData\Local\Temp\surefire6821317538924296750 2022-01-05T23-26-26_836-jvmRun1 surefire6740210211090531298tmp surefire_01796270315607551828tmp"/>
    <property name="surefire.test.class.path" value="D:\Mega\Capstone1\modules\Back_end\School_connect\target\test-classes;D:\Mega\Capstone1\modules\Back_end\School_connect\target\classes;D:\IntelliJIDEA\.m2\repository\org\springframework\boot\spring-boot-starter-web\2.4.0\spring-boot-starter-web-2.4.0.jar;D:\IntelliJIDEA\.m2\repository\org\springframework\boot\spring-boot-starter\2.4.0\spring-boot-starter-2.4.0.jar;D:\IntelliJIDEA\.m2\repository\org\springframework\boot\spring-boot-starter-logging\2.4.0\spring-boot-starter-logging-2.4.0.jar;D:\IntelliJIDEA\.m2\repository\ch\qos\logback\logback-classic\1.2.3\logback-classic-1.2.3.jar;D:\IntelliJIDEA\.m2\repository\ch\qos\logback\logback-core\1.2.3\logback-core-1.2.3.jar;D:\IntelliJIDEA\.m2\repository\org\apache\logging\log4j\log4j-to-slf4j\2.13.3\log4j-to-slf4j-2.13.3.jar;D:\IntelliJIDEA\.m2\repository\org\slf4j\jul-to-slf4j\1.7.30\jul-to-slf4j-1.7.30.jar;D:\IntelliJIDEA\.m2\repository\jakarta\annotation\jakarta.annotation-api\1.3.5\jakarta.annotation-api-1.3.5.jar;D:\IntelliJIDEA\.m2\repository\org\yaml\snakeyaml\1.27\snakeyaml-1.27.jar;D:\IntelliJIDEA\.m2\repository\org\springframework\boot\spring-boot-starter-json\2.4.0\spring-boot-starter-json-2.4.0.jar;D:\IntelliJIDEA\.m2\repository\com\fasterxml\jackson\datatype\jackson-datatype-jdk8\2.11.3\jackson-datatype-jdk8-2.11.3.jar;D:\IntelliJIDEA\.m2\repository\com\fasterxml\jackson\module\jackson-module-parameter-names\2.11.3\jackson-module-parameter-names-2.11.3.jar;D:\IntelliJIDEA\.m2\repository\org\springframework\boot\spring-boot-starter-tomcat\2.4.0\spring-boot-starter-tomcat-2.4.0.jar;D:\IntelliJIDEA\.m2\repository\org\apache\tomcat\embed\tomcat-embed-core\9.0.39\tomcat-embed-core-9.0.39.jar;D:\IntelliJIDEA\.m2\repository\org\apache\tomcat\embed\tomcat-embed-websocket\9.0.39\tomcat-embed-websocket-9.0.39.jar;D:\IntelliJIDEA\.m2\repository\org\springframework\spring-web\5.3.1\spring-web-5.3.1.jar;D:\IntelliJIDEA\.m2\repository\org\springframework\spring-webmvc\5.3.1\spring-webmvc-5.3.1.jar;D:\IntelliJIDEA\.m2\repository\org\projectlombok\lombok\1.18.16\lombok-1.18.16.jar;D:\IntelliJIDEA\.m2\repository\org\springframework\boot\spring-boot-starter-test\2.4.0\spring-boot-starter-test-2.4.0.jar;D:\IntelliJIDEA\.m2\repository\org\springframework\boot\spring-boot-test\2.4.0\spring-boot-test-2.4.0.jar;D:\IntelliJIDEA\.m2\repository\org\springframework\boot\spring-boot-test-autoconfigure\2.4.0\spring-boot-test-autoconfigure-2.4.0.jar;D:\IntelliJIDEA\.m2\repository\com\jayway\jsonpath\json-path\2.4.0\json-path-2.4.0.jar;D:\IntelliJIDEA\.m2\repository\net\minidev\json-smart\2.3\json-smart-2.3.jar;D:\IntelliJIDEA\.m2\repository\net\minidev\accessors-smart\1.2\accessors-smart-1.2.jar;D:\IntelliJIDEA\.m2\repository\org\ow2\asm\asm\5.0.4\asm-5.0.4.jar;D:\IntelliJIDEA\.m2\repository\jakarta\xml\bind\jakarta.xml.bind-api\2.3.3\jakarta.xml.bind-api-2.3.3.jar;D:\IntelliJIDEA\.m2\repository\jakarta\activation\jakarta.activation-api\1.2.2\jakarta.activation-api-1.2.2.jar;D:\IntelliJIDEA\.m2\repository\org\assertj\assertj-core\3.18.1\assertj-core-3.18.1.jar;D:\IntelliJIDEA\.m2\repository\org\hamcrest\hamcrest\2.2\hamcrest-2.2.jar;D:\IntelliJIDEA\.m2\repository\org\junit\jupiter\junit-jupiter\5.7.0\junit-jupiter-5.7.0.jar;D:\IntelliJIDEA\.m2\repository\org\junit\jupiter\junit-jupiter-api\5.7.0\junit-jupiter-api-5.7.0.jar;D:\IntelliJIDEA\.m2\repository\org\apiguardian\apiguardian-api\1.1.0\apiguardian-api-1.1.0.jar;D:\IntelliJIDEA\.m2\repository\org\opentest4j\opentest4j\1.2.0\opentest4j-1.2.0.jar;D:\IntelliJIDEA\.m2\repository\org\junit\platform\junit-platform-commons\1.7.0\junit-platform-commons-1.7.0.jar;D:\IntelliJIDEA\.m2\repository\org\junit\jupiter\junit-jupiter-params\5.7.0\junit-jupiter-params-5.7.0.jar;D:\IntelliJIDEA\.m2\repository\org\junit\jupiter\junit-jupiter-engine\5.7.0\junit-jupiter-engine-5.7.0.jar;D:\IntelliJIDEA\.m2\repository\org\junit\platform\junit-platform-engine\1.7.0\junit-platform-engine-1.7.0.jar;D:\IntelliJIDEA\.m2\repository\org\mockito\mockito-core\3.6.0\mockito-core-3.6.0.jar;D:\IntelliJIDEA\.m2\repository\net\bytebuddy\byte-buddy-agent\1.10.18\byte-buddy-agent-1.10.18.jar;D:\IntelliJIDEA\.m2\repository\org\objenesis\objenesis\3.1\objenesis-3.1.jar;D:\IntelliJIDEA\.m2\repository\org\mockito\mockito-junit-jupiter\3.6.0\mockito-junit-jupiter-3.6.0.jar;D:\IntelliJIDEA\.m2\repository\org\skyscreamer\jsonassert\1.5.0\jsonassert-1.5.0.jar;D:\IntelliJIDEA\.m2\repository\com\vaadin\external\google\android-json\0.0.20131108.vaadin1\android-json-0.0.20131108.vaadin1.jar;D:\IntelliJIDEA\.m2\repository\org\springframework\spring-core\5.3.1\spring-core-5.3.1.jar;D:\IntelliJIDEA\.m2\repository\org\springframework\spring-jcl\5.3.1\spring-jcl-5.3.1.jar;D:\IntelliJIDEA\.m2\repository\org\springframework\spring-test\5.3.1\spring-test-5.3.1.jar;D:\IntelliJIDEA\.m2\repository\org\xmlunit\xmlunit-core\2.7.0\xmlunit-core-2.7.0.jar;D:\IntelliJIDEA\.m2\repository\mysql\mysql-connector-java\8.0.20\mysql-connector-java-8.0.20.jar;D:\IntelliJIDEA\.m2\repository\org\springframework\boot\spring-boot-starter-data-jpa\2.4.0\spring-boot-starter-data-jpa-2.4.0.jar;D:\IntelliJIDEA\.m2\repository\org\springframework\boot\spring-boot-starter-aop\2.4.0\spring-boot-starter-aop-2.4.0.jar;D:\IntelliJIDEA\.m2\repository\org\aspectj\aspectjweaver\1.9.6\aspectjweaver-1.9.6.jar;D:\IntelliJIDEA\.m2\repository\org\springframework\boot\spring-boot-starter-jdbc\2.4.0\spring-boot-starter-jdbc-2.4.0.jar;D:\IntelliJIDEA\.m2\repository\com\zaxxer\HikariCP\3.4.5\HikariCP-3.4.5.jar;D:\IntelliJIDEA\.m2\repository\org\springframework\spring-jdbc\5.3.1\spring-jdbc-5.3.1.jar;D:\IntelliJIDEA\.m2\repository\jakarta\transaction\jakarta.transaction-api\1.3.3\jakarta.transaction-api-1.3.3.jar;D:\IntelliJIDEA\.m2\repository\jakarta\persistence\jakarta.persistence-api\2.2.3\jakarta.persistence-api-2.2.3.jar;D:\IntelliJIDEA\.m2\repository\org\springframework\data\spring-data-jpa\2.4.1\spring-data-jpa-2.4.1.jar;D:\IntelliJIDEA\.m2\repository\org\springframework\data\spring-data-commons\2.4.1\spring-data-commons-2.4.1.jar;D:\IntelliJIDEA\.m2\repository\org\springframework\spring-orm\5.3.1\spring-orm-5.3.1.jar;D:\IntelliJIDEA\.m2\repository\org\springframework\spring-tx\5.3.1\spring-tx-5.3.1.jar;D:\IntelliJIDEA\.m2\repository\org\springframework\spring-aspects\5.3.1\spring-aspects-5.3.1.jar;D:\IntelliJIDEA\.m2\repository\org\modelmapper\modelmapper\2.3.0\modelmapper-2.3.0.jar;D:\IntelliJIDEA\.m2\repository\org\springframework\boot\spring-boot-starter-security\2.4.0\spring-boot-starter-security-2.4.0.jar;D:\IntelliJIDEA\.m2\repository\org\springframework\spring-aop\5.3.1\spring-aop-5.3.1.jar;D:\IntelliJIDEA\.m2\repository\org\springframework\security\spring-security-config\5.4.1\spring-security-config-5.4.1.jar;D:\IntelliJIDEA\.m2\repository\org\springframework\security\spring-security-web\5.4.1\spring-security-web-5.4.1.jar;D:\IntelliJIDEA\.m2\repository\org\springframework\security\spring-security-jwt\1.0.10.RELEASE\spring-security-jwt-1.0.10.RELEASE.jar;D:\IntelliJIDEA\.m2\repository\org\bouncycastle\bcpkix-jdk15on\1.60\bcpkix-jdk15on-1.60.jar;D:\IntelliJIDEA\.m2\repository\javax\validation\validation-api\2.0.1.Final\validation-api-2.0.1.Final.jar;D:\IntelliJIDEA\.m2\repository\io\jsonwebtoken\jjwt\0.9.1\jjwt-0.9.1.jar;D:\IntelliJIDEA\.m2\repository\com\fasterxml\jackson\core\jackson-databind\2.11.3\jackson-databind-2.11.3.jar;D:\IntelliJIDEA\.m2\repository\org\springframework\boot\spring-boot-starter-validation\2.4.0\spring-boot-starter-validation-2.4.0.jar;D:\IntelliJIDEA\.m2\repository\org\glassfish\jakarta.el\3.0.3\jakarta.el-3.0.3.jar;D:\IntelliJIDEA\.m2\repository\org\hibernate\validator\hibernate-validator\6.1.6.Final\hibernate-validator-6.1.6.Final.jar;D:\IntelliJIDEA\.m2\repository\jakarta\validation\jakarta.validation-api\2.0.2\jakarta.validation-api-2.0.2.jar;D:\IntelliJIDEA\.m2\repository\org\springframework\security\spring-security-taglibs\5.4.1\spring-security-taglibs-5.4.1.jar;D:\IntelliJIDEA\.m2\repository\org\springframework\security\spring-security-acl\5.4.1\spring-security-acl-5.4.1.jar;D:\IntelliJIDEA\.m2\repository\org\springframework\security\spring-security-core\5.4.1\spring-security-core-5.4.1.jar;D:\IntelliJIDEA\.m2\repository\org\springframework\spring-beans\5.3.1\spring-beans-5.3.1.jar;D:\IntelliJIDEA\.m2\repository\org\springframework\spring-context\5.3.1\spring-context-5.3.1.jar;D:\IntelliJIDEA\.m2\repository\org\springframework\spring-expression\5.3.1\spring-expression-5.3.1.jar;D:\IntelliJIDEA\.m2\repository\org\springframework\boot\spring-boot-devtools\2.4.0\spring-boot-devtools-2.4.0.jar;D:\IntelliJIDEA\.m2\repository\org\springframework\boot\spring-boot\2.4.0\spring-boot-2.4.0.jar;D:\IntelliJIDEA\.m2\repository\org\springframework\boot\spring-boot-autoconfigure\2.4.0\spring-boot-autoconfigure-2.4.0.jar;D:\IntelliJIDEA\.m2\repository\com\google\guava\guava\20.0\guava-20.0.jar;D:\IntelliJIDEA\.m2\repository\io\springfox\springfox-swagger2\2.9.2\springfox-swagger2-2.9.2.jar;D:\IntelliJIDEA\.m2\repository\io\swagger\swagger-annotations\1.5.20\swagger-annotations-1.5.20.jar;D:\IntelliJIDEA\.m2\repository\io\swagger\swagger-models\1.5.20\swagger-models-1.5.20.jar;D:\IntelliJIDEA\.m2\repository\io\springfox\springfox-spi\2.9.2\springfox-spi-2.9.2.jar;D:\IntelliJIDEA\.m2\repository\io\springfox\springfox-core\2.9.2\springfox-core-2.9.2.jar;D:\IntelliJIDEA\.m2\repository\io\springfox\springfox-schema\2.9.2\springfox-schema-2.9.2.jar;D:\IntelliJIDEA\.m2\repository\io\springfox\springfox-swagger-common\2.9.2\springfox-swagger-common-2.9.2.jar;D:\IntelliJIDEA\.m2\repository\io\springfox\springfox-spring-web\2.9.2\springfox-spring-web-2.9.2.jar;D:\IntelliJIDEA\.m2\repository\com\fasterxml\classmate\1.5.1\classmate-1.5.1.jar;D:\IntelliJIDEA\.m2\repository\org\slf4j\slf4j-api\1.7.30\slf4j-api-1.7.30.jar;D:\IntelliJIDEA\.m2\repository\org\springframework\plugin\spring-plugin-core\1.2.0.RELEASE\spring-plugin-core-1.2.0.RELEASE.jar;D:\IntelliJIDEA\.m2\repository\org\springframework\plugin\spring-plugin-metadata\1.2.0.RELEASE\spring-plugin-metadata-1.2.0.RELEASE.jar;D:\IntelliJIDEA\.m2\repository\org\mapstruct\mapstruct\1.2.0.Final\mapstruct-1.2.0.Final.jar;D:\IntelliJIDEA\.m2\repository\io\springfox\springfox-swagger-ui\2.9.2\springfox-swagger-ui-2.9.2.jar;D:\IntelliJIDEA\.m2\repository\com\sendgrid\sendgrid-java\4.7.1\sendgrid-java-4.7.1.jar;D:\IntelliJIDEA\.m2\repository\com\sendgrid\java-http-client\4.3.6\java-http-client-4.3.6.jar;D:\IntelliJIDEA\.m2\repository\com\fasterxml\jackson\core\jackson-core\2.11.3\jackson-core-2.11.3.jar;D:\IntelliJIDEA\.m2\repository\com\fasterxml\jackson\core\jackson-annotations\2.11.3\jackson-annotations-2.11.3.jar;D:\IntelliJIDEA\.m2\repository\org\bouncycastle\bcprov-jdk15on\1.67\bcprov-jdk15on-1.67.jar;D:\IntelliJIDEA\.m2\repository\com\twilio\sdk\twilio\8.5.0\twilio-8.5.0.jar;D:\IntelliJIDEA\.m2\repository\commons-codec\commons-codec\1.15\commons-codec-1.15.jar;D:\IntelliJIDEA\.m2\repository\commons-io\commons-io\2.7\commons-io-2.7.jar;D:\IntelliJIDEA\.m2\repository\io\jsonwebtoken\jjwt-api\0.11.2\jjwt-api-0.11.2.jar;D:\IntelliJIDEA\.m2\repository\io\jsonwebtoken\jjwt-jackson\0.11.2\jjwt-jackson-0.11.2.jar;D:\IntelliJIDEA\.m2\repository\io\jsonwebtoken\jjwt-impl\0.11.2\jjwt-impl-0.11.2.jar;D:\IntelliJIDEA\.m2\repository\org\apache\httpcomponents\httpclient\4.5.13\httpclient-4.5.13.jar;D:\IntelliJIDEA\.m2\repository\org\apache\httpcomponents\httpcore\4.4.13\httpcore-4.4.13.jar;D:\IntelliJIDEA\.m2\repository\com\fasterxml\jackson\datatype\jackson-datatype-jsr310\2.11.3\jackson-datatype-jsr310-2.11.3.jar;D:\IntelliJIDEA\.m2\repository\javax\xml\bind\jaxb-api\2.3.1\jaxb-api-2.3.1.jar;D:\IntelliJIDEA\.m2\repository\org\apache\logging\log4j\log4j-api\2.13.3\log4j-api-2.13.3.jar;D:\IntelliJIDEA\.m2\repository\org\apache\logging\log4j\log4j-core\2.13.3\log4j-core-2.13.3.jar;D:\IntelliJIDEA\.m2\repository\org\apache\poi\poi-ooxml\4.1.2\poi-ooxml-4.1.2.jar;D:\IntelliJIDEA\.m2\repository\org\apache\poi\poi\4.1.2\poi-4.1.2.jar;D:\IntelliJIDEA\.m2\repository\org\apache\commons\commons-collections4\4.4\commons-collections4-4.4.jar;D:\IntelliJIDEA\.m2\repository\org\apache\commons\commons-math3\3.6.1\commons-math3-3.6.1.jar;D:\IntelliJIDEA\.m2\repository\com\zaxxer\SparseBitSet\1.2\SparseBitSet-1.2.jar;D:\IntelliJIDEA\.m2\repository\org\apache\poi\poi-ooxml-schemas\4.1.2\poi-ooxml-schemas-4.1.2.jar;D:\IntelliJIDEA\.m2\repository\org\apache\xmlbeans\xmlbeans\3.1.0\xmlbeans-3.1.0.jar;D:\IntelliJIDEA\.m2\repository\org\apache\commons\commons-compress\1.19\commons-compress-1.19.jar;D:\IntelliJIDEA\.m2\repository\com\github\virtuald\curvesapi\1.06\curvesapi-1.06.jar;D:\IntelliJIDEA\.m2\repository\org\springframework\boot\spring-boot-starter-websocket\2.4.0\spring-boot-starter-websocket-2.4.0.jar;D:\IntelliJIDEA\.m2\repository\org\springframework\spring-messaging\5.3.1\spring-messaging-5.3.1.jar;D:\IntelliJIDEA\.m2\repository\org\springframework\spring-websocket\5.3.1\spring-websocket-5.3.1.jar;D:\IntelliJIDEA\.m2\repository\org\hibernate\hibernate-core\5.6.1.Final\hibernate-core-5.6.1.Final.jar;D:\IntelliJIDEA\.m2\repository\org\jboss\logging\jboss-logging\3.4.1.Final\jboss-logging-3.4.1.Final.jar;D:\IntelliJIDEA\.m2\repository\javax\persistence\javax.persistence-api\2.2\javax.persistence-api-2.2.jar;D:\IntelliJIDEA\.m2\repository\net\bytebuddy\byte-buddy\1.10.18\byte-buddy-1.10.18.jar;D:\IntelliJIDEA\.m2\repository\antlr\antlr\2.7.7\antlr-2.7.7.jar;D:\IntelliJIDEA\.m2\repository\org\jboss\spec\javax\transaction\jboss-transaction-api_1.2_spec\1.1.1.Final\jboss-transaction-api_1.2_spec-1.1.1.Final.jar;D:\IntelliJIDEA\.m2\repository\org\jboss\jandex\2.2.3.Final\jandex-2.2.3.Final.jar;D:\IntelliJIDEA\.m2\repository\javax\activation\javax.activation-api\1.2.0\javax.activation-api-1.2.0.jar;D:\IntelliJIDEA\.m2\repository\org\hibernate\common\hibernate-commons-annotations\5.1.2.Final\hibernate-commons-annotations-5.1.2.Final.jar;D:\IntelliJIDEA\.m2\repository\org\glassfish\jaxb\jaxb-runtime\2.3.3\jaxb-runtime-2.3.3.jar;D:\IntelliJIDEA\.m2\repository\org\glassfish\jaxb\txw2\2.3.3\txw2-2.3.3.jar;D:\IntelliJIDEA\.m2\repository\com\sun\istack\istack-commons-runtime\3.0.11\istack-commons-runtime-3.0.11.jar;D:\IntelliJIDEA\.m2\repository\com\sun\activation\jakarta.activation\1.2.2\jakarta.activation-1.2.2.jar;"/>
    <property name="sun.cpu.endian" value="little"/>
    <property name="user.home" value="C:\Users\phucf"/>
    <property name="user.language" value="en"/>
    <property name="java.specification.vendor" value="Oracle Corporation"/>
    <property name="java.home" value="C:\Program Files\Java\jdk1.8.0_301\jre"/>
    <property name="basedir" value="D:\Mega\Capstone1\modules\Back_end\School_connect"/>
    <property name="file.separator" value="\"/>
    <property name="line.separator" value="&#10;"/>
    <property name="java.vm.specification.vendor" value="Oracle Corporation"/>
    <property name="java.specification.name" value="Java Platform API Specification"/>
    <property name="java.awt.graphicsenv" value="sun.awt.Win32GraphicsEnvironment"/>
    <property name="surefire.real.class.path" value="C:\Users\phucf\AppData\Local\Temp\surefire6821317538924296750\surefirebooter3240219767910939775.jar"/>
    <property name="sun.boot.class.path" value="C:\Program Files\Java\jdk1.8.0_301\jre\lib\resources.jar;C:\Program Files\Java\jdk1.8.0_301\jre\lib\rt.jar;C:\Program Files\Java\jdk1.8.0_301\jre\lib\sunrsasign.jar;C:\Program Files\Java\jdk1.8.0_301\jre\lib\jsse.jar;C:\Program Files\Java\jdk1.8.0_301\jre\lib\jce.jar;C:\Program Files\Java\jdk1.8.0_301\jre\lib\charsets.jar;C:\Program Files\Java\jdk1.8.0_301\jre\lib\jfr.jar;C:\Program Files\Java\jdk1.8.0_301\jre\classes"/>
    <property name="user.script" value=""/>
    <property name="sun.management.compiler" value="HotSpot 64-Bit Tiered Compilers"/>
    <property name="java.runtime.version" value="1.8.0_301-b09"/>
    <property name="user.name" value="phucf"/>
    <property name="path.separator" value=";"/>
    <property name="os.version" value="10.0"/>
    <property name="java.endorsed.dirs" value="C:\Program Files\Java\jdk1.8.0_301\jre\lib\endorsed"/>
    <property name="java.runtime.name" value="Java(TM) SE Runtime Environment"/>
    <property name="file.encoding" value="Cp1252"/>
    <property name="java.vm.name" value="Java HotSpot(TM) 64-Bit Server VM"/>
    <property name="localRepository" value="D:\IntelliJIDEA\.m2\repository"/>
    <property name="java.vendor.url.bug" value="http://bugreport.sun.com/bugreport/"/>
    <property name="java.io.tmpdir" value="C:\Users\phucf\AppData\Local\Temp\"/>
    <property name="java.version" value="1.8.0_301"/>
    <property name="user.dir" value="D:\Mega\Capstone1\modules\Back_end\School_connect"/>
    <property name="os.arch" value="amd64"/>
    <property name="java.vm.specification.name" value="Java Virtual Machine Specification"/>
    <property name="java.awt.printerjob" value="sun.awt.windows.WPrinterJob"/>
    <property name="sun.os.patch.level" value=""/>
    <property name="java.library.path" value="C:\Program Files\Java\jdk1.8.0_301\jre\bin;C:\WINDOWS\Sun\Java\bin;C:\WINDOWS\system32;C:\WINDOWS;C:\Program Files\Java\jdk1.8.0_301\bin;C:\Program Files\Python\Scripts\;C:\Program Files\Python\;C:\Program Files (x86)\Common Files\Oracle\Java\javapath;C:\Program Files\Eclipse Adoptium\jre-8.0.312.7-hotspot\bin;C:\Program Files\Eclipse Adoptium\jre-11.0.13.8-hotspot\bin;C:\Program Files (x86)\Eclipse Adoptium\jre-8.0.312.7-hotspot\bin;C:\WINDOWS\system32;C:\WINDOWS;C:\WINDOWS\System32\Wbem;C:\WINDOWS\System32\WindowsPowerShell\v1.0\;C:\WINDOWS\System32\OpenSSH\;C:\Program Files (x86)\NVIDIA Corporation\PhysX\Common;C:\Program Files (x86)\dotnet\;C:\Program Files\dotnet\;D:\Program Files\Git\cmd;C:\Program Files\nodejs\;C:\Program Files\apache-maven-3.8.4\bin;C:\Program Files\apache-maven-3.8.4\bin;C:\Program Files\apache-tomcat-9.0.56\bin;C:\Program Files\Java\jdk1.8.0_301\bin;C:\Program Files\MySQL\MySQL Shell 8.0\bin\;C:\Users\phucf\AppData\Local\Microsoft\WindowsApps;D:\Program Files\Microsoft VS Code\bin;D:\Program Files\heroku\bin;C:\Users\phucf\AppData\Local\GitHubDesktop\bin;C:\Users\phucf\AppData\Roaming\npm;D:\Program Files\IntelliJ IDEA 2021.2.1\bin;;C:\Program Files\Java\jdk1.8.0_301\bin;%JAVA_HONE%\bin;;."/>
    <property name="java.vm.info" value="mixed mode"/>
    <property name="java.vendor" value="Oracle Corporation"/>
    <property name="java.vm.version" value="25.301-b09"/>
    <property name="java.ext.dirs" value="C:\Program Files\Java\jdk1.8.0_301\jre\lib\ext;C:\WINDOWS\Sun\Java\lib\ext"/>
    <property name="sun.io.unicode.encoding" value="UnicodeLittle"/>
    <property name="java.class.version" value="52.0"/>
  </properties>
  <testcase name="contextLoads" classname="com.c1se44.school_connect.SchoolConnectApplicationTests" time="0.177"/>
</testsuite>